MAIN : Call LoadMsgLits
MAIN : Get Serial number from Registry...
MAIN : Check for DEMO...
MAIN : ChDir to APP.Path
MAIN : Check BASS version...
MAIN : Set bassTime = New cbass_time...
MAIN : Load List of BASS DLL's...
MAIN : Look for plugins (in the executable's directory)...
MAIN : Write Plugins to screen...
MAIN : Load frmPlayer...
 
**************************************************************************************
frmPlayer : Form_Load START ...
frmPlayer : Create Palets directory ...
frmPlayer : ConvertOldPalettes ...
frmPlayer : GetFreeSpace ...
frmPlayer : GetFreeSpace = 110.9 GB
frmPlayer : Set Version ...
frmPlayer : Create temporary Images ...
frmPlayer : Load Images into controls ...
frmPlayer : Get Registry entries : Max Buttons
frmPlayer : Get Registry entries : AdjustVolume
frmPlayer : Get Registry entries : ButtonDirection
frmPlayer : Get Registry entries : PlayStopPause
frmPlayer : Get Registry entries : AutoAdvance
frmPlayer : Get Registry entries : Remove Silence
frmPlayer : Get Registry entries : Streams
frmPlayer : Get Registry entries : ButtonColor
frmPlayer : Get Registry entries : SecureMode
frmPlayer : Get Registry entries : ButtonDefColor
frmPlayer : Set Help file ...
frmPlayer : FormatScreen ...
frmPlayer : LoadButtonColors ...
frmPlayer : GetDefaultSoundDevice ...
frmPlayer : Call BASS_SetDevice(lDeviceNo) ...
frmPlayer : BASS_Init ...
frmPlayer : buflen = BASS_GetConfig(BASS_CONFIG_BUFFER) ...
frmPlayer : Buffer length = 2500
frmPlayer : Check Theme ...
frmPlayer : Set System Icon ...
frmPlayer : SetButtonsLayout ...
frmPlayer : ClearButtons ...
frmPlayer : Show the form without the buttons yet visible
 
  - - - - - - - - - - - - - - - - -
  frmPlayer : Form_Activate START ...
  frmPlayer : SetSecureMode ...
  frmPlayer : LoadStats ...
  frmPlayer : InitialisePeaks 0 ...
  frmPlayer : Form_Activate END ...
  - - - - - - - - - - - - - - - - -
 
frmPlayer : LoadDefaultPalette ...
frmPlayer : SetupMainVolumeLights ...
frmPlayer : SetMainPeakLevel 0,0  ...
frmPlayer : Check DEMO Flag ...
frmPlayer : Get SerialNumber ...
frmPlayer : ShowButtonPlayArea ...
frmPlayer : SetSecureMode ...
frmPlayer : Load Complete ...
**************************************************************************************
 
MAIN : SHOW frmPlayer...
MAIN : SHOW frmPlayer...
 
  - - - - - - - - - - - - - - - - -
  frmPlayer : Form_Activate START ...
  frmPlayer : SetSecureMode ...
  frmPlayer : LoadStats ...
  frmPlayer : InitialisePeaks 0 ...
  frmPlayer : Form_Activate END ...
  - - - - - - - - - - - - - - - - -
 
 
  - - - - - - - - - - - - - - - - -
  frmPlayer : Form_Activate START ...
  frmPlayer : SetSecureMode ...
  frmPlayer : LoadStats ...
  frmPlayer : InitialisePeaks 0 ...
  frmPlayer : Form_Activate END ...
  - - - - - - - - - - - - - - - - -
 
